[2023-03-15 07:25:45,083] {manager.py:480} INFO - Processing files using up to 2 processes at a time 
[2023-03-15 07:25:45,085] {manager.py:481} INFO - Process each file at most once every 30 seconds
[2023-03-15 07:25:45,085] {manager.py:483} INFO - Checking for new files in /opt/airflow/dags every 300 seconds
[2023-03-15 07:25:45,085] {manager.py:690} INFO - Searching for files in /opt/airflow/dags
[2023-03-15 07:25:45,099] {manager.py:693} INFO - There are 1 files in /opt/airflow/dags
[2023-03-15 07:25:45,352] {manager.py:809} INFO - 
================================================================================
DAG File Processing Stats

File Path                                    PID  Runtime      # DAGs    # Errors  Last Runtime    Last Run
-----------------------------------------  -----  ---------  --------  ----------  --------------  ----------
/opt/airflow/dags/airflow_molps_projet.py     54  0.04s             0           0
================================================================================
[2023-03-15 07:26:15,406] {manager.py:809} INFO - 
================================================================================
DAG File Processing Stats

File Path                                  PID    Runtime      # DAGs    # Errors  Last Runtime    Last Run
-----------------------------------------  -----  ---------  --------  ----------  --------------  -------------------
/opt/airflow/dags/airflow_molps_projet.py                           1           0  23.86s          2023-03-15T07:26:09
================================================================================
[2023-03-15 07:26:45,452] {manager.py:809} INFO - 
================================================================================
DAG File Processing Stats

File Path                                  PID    Runtime      # DAGs    # Errors  Last Runtime    Last Run
-----------------------------------------  -----  ---------  --------  ----------  --------------  -------------------
/opt/airflow/dags/airflow_molps_projet.py                           1           0  4.81s           2023-03-15T07:26:44
================================================================================
[2023-03-15 07:27:15,496] {manager.py:809} INFO - 
================================================================================
DAG File Processing Stats

File Path                                    PID  Runtime      # DAGs    # Errors  Last Runtime    Last Run
-----------------------------------------  -----  ---------  --------  ----------  --------------  -------------------
/opt/airflow/dags/airflow_molps_projet.py    121  1.39s             1           0  4.81s           2023-03-15T07:26:44
================================================================================
[2023-03-15 07:27:45,558] {manager.py:809} INFO - 
================================================================================
DAG File Processing Stats

File Path                                  PID    Runtime      # DAGs    # Errors  Last Runtime    Last Run
-----------------------------------------  -----  ---------  --------  ----------  --------------  -------------------
/opt/airflow/dags/airflow_molps_projet.py                           1           0  4.39s           2023-03-15T07:27:18
================================================================================
[2023-03-15 07:28:15,622] {manager.py:809} INFO - 
================================================================================
DAG File Processing Stats

File Path                                  PID    Runtime      # DAGs    # Errors  Last Runtime    Last Run
-----------------------------------------  -----  ---------  --------  ----------  --------------  -------------------
/opt/airflow/dags/airflow_molps_projet.py                           1           0  4.44s           2023-03-15T07:27:53
================================================================================
[2023-03-15 07:28:46,102] {manager.py:809} INFO - 
================================================================================
DAG File Processing Stats

File Path                                  PID    Runtime      # DAGs    # Errors  Last Runtime    Last Run
-----------------------------------------  -----  ---------  --------  ----------  --------------  -------------------
/opt/airflow/dags/airflow_molps_projet.py                           1           0  4.29s           2023-03-15T07:28:27
================================================================================
[2023-03-15 07:29:16,434] {manager.py:809} INFO - 
================================================================================
DAG File Processing Stats

File Path                                  PID    Runtime      # DAGs    # Errors  Last Runtime    Last Run
-----------------------------------------  -----  ---------  --------  ----------  --------------  -------------------
/opt/airflow/dags/airflow_molps_projet.py                           1           0  4.19s           2023-03-15T07:29:01
================================================================================
[2023-03-15 07:29:46,659] {manager.py:809} INFO - 
================================================================================
DAG File Processing Stats

File Path                                  PID    Runtime      # DAGs    # Errors  Last Runtime    Last Run
-----------------------------------------  -----  ---------  --------  ----------  --------------  -------------------
/opt/airflow/dags/airflow_molps_projet.py                           1           0  4.23s           2023-03-15T07:29:35
================================================================================
[2023-03-15 07:30:16,923] {manager.py:809} INFO - 
================================================================================
DAG File Processing Stats

File Path                                  PID    Runtime      # DAGs    # Errors  Last Runtime    Last Run
-----------------------------------------  -----  ---------  --------  ----------  --------------  -------------------
/opt/airflow/dags/airflow_molps_projet.py                           1           0  4.41s           2023-03-15T07:30:10
================================================================================
[2023-03-15 07:30:45,362] {manager.py:690} INFO - Searching for files in /opt/airflow/dags
[2023-03-15 07:30:45,365] {manager.py:693} INFO - There are 1 files in /opt/airflow/dags
[2023-03-15 07:30:47,388] {manager.py:809} INFO - 
================================================================================
DAG File Processing Stats

File Path                                  PID    Runtime      # DAGs    # Errors  Last Runtime    Last Run
-----------------------------------------  -----  ---------  --------  ----------  --------------  -------------------
/opt/airflow/dags/airflow_molps_projet.py                           1           0  4.29s           2023-03-15T07:30:44
================================================================================
[2023-03-15 07:31:17,444] {manager.py:809} INFO - 
================================================================================
DAG File Processing Stats

File Path                                    PID  Runtime      # DAGs    # Errors  Last Runtime    Last Run
-----------------------------------------  -----  ---------  --------  ----------  --------------  -------------------
/opt/airflow/dags/airflow_molps_projet.py    317  2.76s             1           0  4.29s           2023-03-15T07:30:44
================================================================================
[2023-03-15 07:31:47,761] {manager.py:809} INFO - 
================================================================================
DAG File Processing Stats

File Path                                  PID    Runtime      # DAGs    # Errors  Last Runtime    Last Run
-----------------------------------------  -----  ---------  --------  ----------  --------------  -------------------
/opt/airflow/dags/airflow_molps_projet.py                           1           0  4.44s           2023-03-15T07:31:19
================================================================================
[2023-03-15 07:32:18,272] {manager.py:809} INFO - 
================================================================================
DAG File Processing Stats

File Path                                  PID    Runtime      # DAGs    # Errors  Last Runtime    Last Run
-----------------------------------------  -----  ---------  --------  ----------  --------------  -------------------
/opt/airflow/dags/airflow_molps_projet.py                           1           0  4.14s           2023-03-15T07:31:53
================================================================================
[2023-03-15 07:32:48,429] {manager.py:809} INFO - 
================================================================================
DAG File Processing Stats

File Path                                  PID    Runtime      # DAGs    # Errors  Last Runtime    Last Run
-----------------------------------------  -----  ---------  --------  ----------  --------------  -------------------
/opt/airflow/dags/airflow_molps_projet.py                           1           0  4.27s           2023-03-15T07:32:27
================================================================================
[2023-03-15 07:33:18,735] {manager.py:809} INFO - 
================================================================================
DAG File Processing Stats

File Path                                  PID    Runtime      # DAGs    # Errors  Last Runtime    Last Run
-----------------------------------------  -----  ---------  --------  ----------  --------------  -------------------
/opt/airflow/dags/airflow_molps_projet.py                           1           0  4.12s           2023-03-15T07:33:01
================================================================================
[2023-03-15 07:33:48,896] {manager.py:809} INFO - 
================================================================================
DAG File Processing Stats

File Path                                  PID    Runtime      # DAGs    # Errors  Last Runtime    Last Run
-----------------------------------------  -----  ---------  --------  ----------  --------------  -------------------
/opt/airflow/dags/airflow_molps_projet.py                           1           0  4.81s           2023-03-15T07:33:36
================================================================================
[2023-03-15 07:34:18,946] {manager.py:809} INFO - 
================================================================================
DAG File Processing Stats

File Path                                  PID    Runtime      # DAGs    # Errors  Last Runtime    Last Run
-----------------------------------------  -----  ---------  --------  ----------  --------------  -------------------
/opt/airflow/dags/airflow_molps_projet.py                           1           0  4.85s           2023-03-15T07:34:11
================================================================================
[2023-03-15 07:34:49,679] {manager.py:809} INFO - 
================================================================================
DAG File Processing Stats

File Path                                  PID    Runtime      # DAGs    # Errors  Last Runtime    Last Run
-----------------------------------------  -----  ---------  --------  ----------  --------------  -------------------
/opt/airflow/dags/airflow_molps_projet.py                           1           0  4.23s           2023-03-15T07:34:45
================================================================================
[2023-03-15 07:35:19,750] {manager.py:809} INFO - 
================================================================================
DAG File Processing Stats

File Path                                    PID  Runtime      # DAGs    # Errors  Last Runtime    Last Run
-----------------------------------------  -----  ---------  --------  ----------  --------------  -------------------
/opt/airflow/dags/airflow_molps_projet.py    521  3.81s             1           0  4.23s           2023-03-15T07:34:45
================================================================================
[2023-03-15 07:35:45,625] {manager.py:690} INFO - Searching for files in /opt/airflow/dags
[2023-03-15 07:35:45,628] {manager.py:693} INFO - There are 1 files in /opt/airflow/dags
[2023-03-15 07:35:50,015] {manager.py:809} INFO - 
================================================================================
DAG File Processing Stats

File Path                                  PID    Runtime      # DAGs    # Errors  Last Runtime    Last Run
-----------------------------------------  -----  ---------  --------  ----------  --------------  -------------------
/opt/airflow/dags/airflow_molps_projet.py                           1           0  4.63s           2023-03-15T07:35:20
================================================================================
[2023-03-15 07:36:20,745] {manager.py:809} INFO - 
================================================================================
DAG File Processing Stats

File Path                                  PID    Runtime      # DAGs    # Errors  Last Runtime    Last Run
-----------------------------------------  -----  ---------  --------  ----------  --------------  -------------------
/opt/airflow/dags/airflow_molps_projet.py                           1           0  5.10s           2023-03-15T07:35:55
================================================================================
[2023-03-15 07:36:50,872] {manager.py:809} INFO - 
================================================================================
DAG File Processing Stats

File Path                                  PID    Runtime      # DAGs    # Errors  Last Runtime    Last Run
-----------------------------------------  -----  ---------  --------  ----------  --------------  -------------------
/opt/airflow/dags/airflow_molps_projet.py                           1           0  4.84s           2023-03-15T07:36:30
================================================================================
[2023-03-15 07:37:20,931] {manager.py:809} INFO - 
================================================================================
DAG File Processing Stats

File Path                                  PID    Runtime      # DAGs    # Errors  Last Runtime    Last Run
-----------------------------------------  -----  ---------  --------  ----------  --------------  -------------------
/opt/airflow/dags/airflow_molps_projet.py                           1           0  4.49s           2023-03-15T07:37:05
================================================================================
[2023-03-15 07:37:51,002] {manager.py:809} INFO - 
================================================================================
DAG File Processing Stats

File Path                                  PID    Runtime      # DAGs    # Errors  Last Runtime    Last Run
-----------------------------------------  -----  ---------  --------  ----------  --------------  -------------------
/opt/airflow/dags/airflow_molps_projet.py                           1           0  4.69s           2023-03-15T07:37:39
================================================================================
[2023-03-15 07:38:21,075] {manager.py:809} INFO - 
================================================================================
DAG File Processing Stats

File Path                                  PID    Runtime      # DAGs    # Errors  Last Runtime    Last Run
-----------------------------------------  -----  ---------  --------  ----------  --------------  -------------------
/opt/airflow/dags/airflow_molps_projet.py                           1           0  4.83s           2023-03-15T07:38:14
================================================================================
[2023-03-15 07:38:51,135] {manager.py:809} INFO - 
================================================================================
DAG File Processing Stats

File Path                                  PID    Runtime      # DAGs    # Errors  Last Runtime    Last Run
-----------------------------------------  -----  ---------  --------  ----------  --------------  -------------------
/opt/airflow/dags/airflow_molps_projet.py                           1           0  4.94s           2023-03-15T07:38:49
================================================================================
[2023-03-15 07:39:21,188] {manager.py:809} INFO - 
================================================================================
DAG File Processing Stats

File Path                                    PID  Runtime      # DAGs    # Errors  Last Runtime    Last Run
-----------------------------------------  -----  ---------  --------  ----------  --------------  -------------------
/opt/airflow/dags/airflow_molps_projet.py    718  1.23s             1           0  4.94s           2023-03-15T07:38:49
================================================================================
[2023-03-15 07:39:51,250] {manager.py:809} INFO - 
================================================================================
DAG File Processing Stats

File Path                                  PID    Runtime      # DAGs    # Errors  Last Runtime    Last Run
-----------------------------------------  -----  ---------  --------  ----------  --------------  -------------------
/opt/airflow/dags/airflow_molps_projet.py                           1           0  5.02s           2023-03-15T07:39:24
================================================================================
[2023-03-15 07:40:21,276] {manager.py:809} INFO - 
================================================================================
DAG File Processing Stats

File Path                                  PID    Runtime      # DAGs    # Errors  Last Runtime    Last Run
-----------------------------------------  -----  ---------  --------  ----------  --------------  -------------------
/opt/airflow/dags/airflow_molps_projet.py                           1           0  5.20s           2023-03-15T07:40:00
================================================================================
[2023-03-15 07:40:46,333] {manager.py:690} INFO - Searching for files in /opt/airflow/dags
[2023-03-15 07:40:46,336] {manager.py:693} INFO - There are 1 files in /opt/airflow/dags
[2023-03-15 07:40:51,381] {manager.py:809} INFO - 
================================================================================
DAG File Processing Stats

File Path                                  PID    Runtime      # DAGs    # Errors  Last Runtime    Last Run
-----------------------------------------  -----  ---------  --------  ----------  --------------  -------------------
/opt/airflow/dags/airflow_molps_projet.py                           1           0  5.16s           2023-03-15T07:40:35
================================================================================
[2023-03-15 07:41:21,542] {manager.py:809} INFO - 
================================================================================
DAG File Processing Stats

File Path                                  PID    Runtime      # DAGs    # Errors  Last Runtime    Last Run
-----------------------------------------  -----  ---------  --------  ----------  --------------  -------------------
/opt/airflow/dags/airflow_molps_projet.py                           1           0  4.67s           2023-03-15T07:41:10
================================================================================
[2023-03-15 07:41:51,604] {manager.py:809} INFO - 
================================================================================
DAG File Processing Stats

File Path                                  PID    Runtime      # DAGs    # Errors  Last Runtime    Last Run
-----------------------------------------  -----  ---------  --------  ----------  --------------  -------------------
/opt/airflow/dags/airflow_molps_projet.py                           1           0  4.70s           2023-03-15T07:41:44
================================================================================
[2023-03-15 07:42:22,016] {manager.py:809} INFO - 
================================================================================
DAG File Processing Stats

File Path                                  PID    Runtime      # DAGs    # Errors  Last Runtime    Last Run
-----------------------------------------  -----  ---------  --------  ----------  --------------  -------------------
/opt/airflow/dags/airflow_molps_projet.py                           1           0  4.43s           2023-03-15T07:42:19
================================================================================
[2023-03-15 07:42:52,079] {manager.py:809} INFO - 
================================================================================
DAG File Processing Stats

File Path                                    PID  Runtime      # DAGs    # Errors  Last Runtime    Last Run
-----------------------------------------  -----  ---------  --------  ----------  --------------  -------------------
/opt/airflow/dags/airflow_molps_projet.py    883  2.60s             1           0  4.43s           2023-03-15T07:42:19
================================================================================
