[2023-03-15 07:25:45,380] {processor.py:153} INFO - Started process (PID=54) to work on /opt/airflow/dags/airflow_molps_projet.py
[2023-03-15 07:25:45,381] {processor.py:641} INFO - Processing file /opt/airflow/dags/airflow_molps_projet.py for tasks to queue
[2023-03-15 07:25:45,382] {logging_mixin.py:115} INFO - [2023-03-15 07:25:45,381] {dagbag.py:507} INFO - Filling up the DagBag from /opt/airflow/dags/airflow_molps_projet.py
[2023-03-15 07:26:08,971] {processor.py:651} INFO - DAG(s) dict_keys(['airflow_projet']) retrieved from /opt/airflow/dags/airflow_molps_projet.py
[2023-03-15 07:26:09,051] {logging_mixin.py:115} INFO - [2023-03-15 07:26:09,051] {dag.py:2379} INFO - Sync 1 DAGs
[2023-03-15 07:26:09,083] {logging_mixin.py:115} INFO - [2023-03-15 07:26:09,082] {dag.py:2931} INFO - Setting next_dagrun for airflow_projet to None, run_after=None
[2023-03-15 07:26:09,133] {processor.py:161} INFO - Processing /opt/airflow/dags/airflow_molps_projet.py took 23.779 seconds
[2023-03-15 07:26:39,247] {processor.py:153} INFO - Started process (PID=92) to work on /opt/airflow/dags/airflow_molps_projet.py
[2023-03-15 07:26:39,248] {processor.py:641} INFO - Processing file /opt/airflow/dags/airflow_molps_projet.py for tasks to queue
[2023-03-15 07:26:39,249] {logging_mixin.py:115} INFO - [2023-03-15 07:26:39,249] {dagbag.py:507} INFO - Filling up the DagBag from /opt/airflow/dags/airflow_molps_projet.py
[2023-03-15 07:26:43,916] {processor.py:651} INFO - DAG(s) dict_keys(['airflow_projet']) retrieved from /opt/airflow/dags/airflow_molps_projet.py
[2023-03-15 07:26:43,939] {logging_mixin.py:115} INFO - [2023-03-15 07:26:43,939] {dag.py:2379} INFO - Sync 1 DAGs
[2023-03-15 07:26:43,971] {logging_mixin.py:115} INFO - [2023-03-15 07:26:43,971] {dag.py:2931} INFO - Setting next_dagrun for airflow_projet to None, run_after=None
[2023-03-15 07:26:44,013] {processor.py:161} INFO - Processing /opt/airflow/dags/airflow_molps_projet.py took 4.772 seconds
[2023-03-15 07:27:14,121] {processor.py:153} INFO - Started process (PID=121) to work on /opt/airflow/dags/airflow_molps_projet.py
[2023-03-15 07:27:14,134] {processor.py:641} INFO - Processing file /opt/airflow/dags/airflow_molps_projet.py for tasks to queue
[2023-03-15 07:27:14,136] {logging_mixin.py:115} INFO - [2023-03-15 07:27:14,135] {dagbag.py:507} INFO - Filling up the DagBag from /opt/airflow/dags/airflow_molps_projet.py
[2023-03-15 07:27:18,412] {processor.py:651} INFO - DAG(s) dict_keys(['airflow_projet']) retrieved from /opt/airflow/dags/airflow_molps_projet.py
[2023-03-15 07:27:18,432] {logging_mixin.py:115} INFO - [2023-03-15 07:27:18,431] {dag.py:2379} INFO - Sync 1 DAGs
[2023-03-15 07:27:18,458] {logging_mixin.py:115} INFO - [2023-03-15 07:27:18,458] {dag.py:2931} INFO - Setting next_dagrun for airflow_projet to None, run_after=None
[2023-03-15 07:27:18,472] {processor.py:161} INFO - Processing /opt/airflow/dags/airflow_molps_projet.py took 4.356 seconds
[2023-03-15 07:27:48,575] {processor.py:153} INFO - Started process (PID=150) to work on /opt/airflow/dags/airflow_molps_projet.py
[2023-03-15 07:27:48,576] {processor.py:641} INFO - Processing file /opt/airflow/dags/airflow_molps_projet.py for tasks to queue
[2023-03-15 07:27:48,576] {logging_mixin.py:115} INFO - [2023-03-15 07:27:48,576] {dagbag.py:507} INFO - Filling up the DagBag from /opt/airflow/dags/airflow_molps_projet.py
[2023-03-15 07:27:52,909] {processor.py:651} INFO - DAG(s) dict_keys(['airflow_projet']) retrieved from /opt/airflow/dags/airflow_molps_projet.py
[2023-03-15 07:27:52,928] {logging_mixin.py:115} INFO - [2023-03-15 07:27:52,927] {dag.py:2379} INFO - Sync 1 DAGs
[2023-03-15 07:27:52,949] {logging_mixin.py:115} INFO - [2023-03-15 07:27:52,949] {dag.py:2931} INFO - Setting next_dagrun for airflow_projet to None, run_after=None
[2023-03-15 07:27:52,978] {processor.py:161} INFO - Processing /opt/airflow/dags/airflow_molps_projet.py took 4.407 seconds
[2023-03-15 07:28:23,057] {processor.py:153} INFO - Started process (PID=180) to work on /opt/airflow/dags/airflow_molps_projet.py
[2023-03-15 07:28:23,057] {processor.py:641} INFO - Processing file /opt/airflow/dags/airflow_molps_projet.py for tasks to queue
[2023-03-15 07:28:23,058] {logging_mixin.py:115} INFO - [2023-03-15 07:28:23,058] {dagbag.py:507} INFO - Filling up the DagBag from /opt/airflow/dags/airflow_molps_projet.py
[2023-03-15 07:28:27,191] {processor.py:651} INFO - DAG(s) dict_keys(['airflow_projet']) retrieved from /opt/airflow/dags/airflow_molps_projet.py
[2023-03-15 07:28:27,210] {logging_mixin.py:115} INFO - [2023-03-15 07:28:27,210] {dag.py:2379} INFO - Sync 1 DAGs
[2023-03-15 07:28:27,230] {logging_mixin.py:115} INFO - [2023-03-15 07:28:27,230] {dag.py:2931} INFO - Setting next_dagrun for airflow_projet to None, run_after=None
[2023-03-15 07:28:27,317] {processor.py:161} INFO - Processing /opt/airflow/dags/airflow_molps_projet.py took 4.264 seconds
[2023-03-15 07:28:57,404] {processor.py:153} INFO - Started process (PID=209) to work on /opt/airflow/dags/airflow_molps_projet.py
[2023-03-15 07:28:57,405] {processor.py:641} INFO - Processing file /opt/airflow/dags/airflow_molps_projet.py for tasks to queue
[2023-03-15 07:28:57,406] {logging_mixin.py:115} INFO - [2023-03-15 07:28:57,406] {dagbag.py:507} INFO - Filling up the DagBag from /opt/airflow/dags/airflow_molps_projet.py
[2023-03-15 07:29:01,489] {processor.py:651} INFO - DAG(s) dict_keys(['airflow_projet']) retrieved from /opt/airflow/dags/airflow_molps_projet.py
[2023-03-15 07:29:01,516] {logging_mixin.py:115} INFO - [2023-03-15 07:29:01,516] {dag.py:2379} INFO - Sync 1 DAGs
[2023-03-15 07:29:01,540] {logging_mixin.py:115} INFO - [2023-03-15 07:29:01,540] {dag.py:2931} INFO - Setting next_dagrun for airflow_projet to None, run_after=None
[2023-03-15 07:29:01,555] {processor.py:161} INFO - Processing /opt/airflow/dags/airflow_molps_projet.py took 4.155 seconds
[2023-03-15 07:29:31,628] {processor.py:153} INFO - Started process (PID=239) to work on /opt/airflow/dags/airflow_molps_projet.py
[2023-03-15 07:29:31,629] {processor.py:641} INFO - Processing file /opt/airflow/dags/airflow_molps_projet.py for tasks to queue
[2023-03-15 07:29:31,629] {logging_mixin.py:115} INFO - [2023-03-15 07:29:31,629] {dagbag.py:507} INFO - Filling up the DagBag from /opt/airflow/dags/airflow_molps_projet.py
[2023-03-15 07:29:35,765] {processor.py:651} INFO - DAG(s) dict_keys(['airflow_projet']) retrieved from /opt/airflow/dags/airflow_molps_projet.py
[2023-03-15 07:29:35,786] {logging_mixin.py:115} INFO - [2023-03-15 07:29:35,785] {dag.py:2379} INFO - Sync 1 DAGs
[2023-03-15 07:29:35,808] {logging_mixin.py:115} INFO - [2023-03-15 07:29:35,808] {dag.py:2931} INFO - Setting next_dagrun for airflow_projet to None, run_after=None
[2023-03-15 07:29:35,823] {processor.py:161} INFO - Processing /opt/airflow/dags/airflow_molps_projet.py took 4.198 seconds
[2023-03-15 07:30:05,911] {processor.py:153} INFO - Started process (PID=259) to work on /opt/airflow/dags/airflow_molps_projet.py
[2023-03-15 07:30:05,912] {processor.py:641} INFO - Processing file /opt/airflow/dags/airflow_molps_projet.py for tasks to queue
[2023-03-15 07:30:05,912] {logging_mixin.py:115} INFO - [2023-03-15 07:30:05,912] {dagbag.py:507} INFO - Filling up the DagBag from /opt/airflow/dags/airflow_molps_projet.py
[2023-03-15 07:30:10,230] {processor.py:651} INFO - DAG(s) dict_keys(['airflow_projet']) retrieved from /opt/airflow/dags/airflow_molps_projet.py
[2023-03-15 07:30:10,248] {logging_mixin.py:115} INFO - [2023-03-15 07:30:10,248] {dag.py:2379} INFO - Sync 1 DAGs
[2023-03-15 07:30:10,269] {logging_mixin.py:115} INFO - [2023-03-15 07:30:10,269] {dag.py:2931} INFO - Setting next_dagrun for airflow_projet to None, run_after=None
[2023-03-15 07:30:10,281] {processor.py:161} INFO - Processing /opt/airflow/dags/airflow_molps_projet.py took 4.374 seconds
[2023-03-15 07:30:40,361] {processor.py:153} INFO - Started process (PID=288) to work on /opt/airflow/dags/airflow_molps_projet.py
[2023-03-15 07:30:40,362] {processor.py:641} INFO - Processing file /opt/airflow/dags/airflow_molps_projet.py for tasks to queue
[2023-03-15 07:30:40,362] {logging_mixin.py:115} INFO - [2023-03-15 07:30:40,362] {dagbag.py:507} INFO - Filling up the DagBag from /opt/airflow/dags/airflow_molps_projet.py
[2023-03-15 07:30:44,555] {processor.py:651} INFO - DAG(s) dict_keys(['airflow_projet']) retrieved from /opt/airflow/dags/airflow_molps_projet.py
[2023-03-15 07:30:44,574] {logging_mixin.py:115} INFO - [2023-03-15 07:30:44,574] {dag.py:2379} INFO - Sync 1 DAGs
[2023-03-15 07:30:44,596] {logging_mixin.py:115} INFO - [2023-03-15 07:30:44,595] {dag.py:2931} INFO - Setting next_dagrun for airflow_projet to None, run_after=None
[2023-03-15 07:30:44,612] {processor.py:161} INFO - Processing /opt/airflow/dags/airflow_molps_projet.py took 4.253 seconds
[2023-03-15 07:31:14,700] {processor.py:153} INFO - Started process (PID=317) to work on /opt/airflow/dags/airflow_molps_projet.py
[2023-03-15 07:31:14,701] {processor.py:641} INFO - Processing file /opt/airflow/dags/airflow_molps_projet.py for tasks to queue
[2023-03-15 07:31:14,702] {logging_mixin.py:115} INFO - [2023-03-15 07:31:14,702] {dagbag.py:507} INFO - Filling up the DagBag from /opt/airflow/dags/airflow_molps_projet.py
[2023-03-15 07:31:18,985] {processor.py:651} INFO - DAG(s) dict_keys(['airflow_projet']) retrieved from /opt/airflow/dags/airflow_molps_projet.py
[2023-03-15 07:31:19,012] {logging_mixin.py:115} INFO - [2023-03-15 07:31:19,012] {dag.py:2379} INFO - Sync 1 DAGs
[2023-03-15 07:31:19,041] {logging_mixin.py:115} INFO - [2023-03-15 07:31:19,041] {dag.py:2931} INFO - Setting next_dagrun for airflow_projet to None, run_after=None
[2023-03-15 07:31:19,092] {processor.py:161} INFO - Processing /opt/airflow/dags/airflow_molps_projet.py took 4.400 seconds
[2023-03-15 07:31:49,217] {processor.py:153} INFO - Started process (PID=346) to work on /opt/airflow/dags/airflow_molps_projet.py
[2023-03-15 07:31:49,218] {processor.py:641} INFO - Processing file /opt/airflow/dags/airflow_molps_projet.py for tasks to queue
[2023-03-15 07:31:49,218] {logging_mixin.py:115} INFO - [2023-03-15 07:31:49,218] {dagbag.py:507} INFO - Filling up the DagBag from /opt/airflow/dags/airflow_molps_projet.py
[2023-03-15 07:31:53,213] {processor.py:651} INFO - DAG(s) dict_keys(['airflow_projet']) retrieved from /opt/airflow/dags/airflow_molps_projet.py
[2023-03-15 07:31:53,231] {logging_mixin.py:115} INFO - [2023-03-15 07:31:53,231] {dag.py:2379} INFO - Sync 1 DAGs
[2023-03-15 07:31:53,251] {logging_mixin.py:115} INFO - [2023-03-15 07:31:53,251] {dag.py:2931} INFO - Setting next_dagrun for airflow_projet to None, run_after=None
[2023-03-15 07:31:53,291] {processor.py:161} INFO - Processing /opt/airflow/dags/airflow_molps_projet.py took 4.077 seconds
[2023-03-15 07:32:23,381] {processor.py:153} INFO - Started process (PID=376) to work on /opt/airflow/dags/airflow_molps_projet.py
[2023-03-15 07:32:23,382] {processor.py:641} INFO - Processing file /opt/airflow/dags/airflow_molps_projet.py for tasks to queue
[2023-03-15 07:32:23,382] {logging_mixin.py:115} INFO - [2023-03-15 07:32:23,382] {dagbag.py:507} INFO - Filling up the DagBag from /opt/airflow/dags/airflow_molps_projet.py
[2023-03-15 07:32:27,547] {processor.py:651} INFO - DAG(s) dict_keys(['airflow_projet']) retrieved from /opt/airflow/dags/airflow_molps_projet.py
[2023-03-15 07:32:27,569] {logging_mixin.py:115} INFO - [2023-03-15 07:32:27,568] {dag.py:2379} INFO - Sync 1 DAGs
[2023-03-15 07:32:27,594] {logging_mixin.py:115} INFO - [2023-03-15 07:32:27,594] {dag.py:2931} INFO - Setting next_dagrun for airflow_projet to None, run_after=None
[2023-03-15 07:32:27,616] {processor.py:161} INFO - Processing /opt/airflow/dags/airflow_molps_projet.py took 4.239 seconds
[2023-03-15 07:32:57,706] {processor.py:153} INFO - Started process (PID=405) to work on /opt/airflow/dags/airflow_molps_projet.py
[2023-03-15 07:32:57,707] {processor.py:641} INFO - Processing file /opt/airflow/dags/airflow_molps_projet.py for tasks to queue
[2023-03-15 07:32:57,708] {logging_mixin.py:115} INFO - [2023-03-15 07:32:57,708] {dagbag.py:507} INFO - Filling up the DagBag from /opt/airflow/dags/airflow_molps_projet.py
[2023-03-15 07:33:01,733] {processor.py:651} INFO - DAG(s) dict_keys(['airflow_projet']) retrieved from /opt/airflow/dags/airflow_molps_projet.py
[2023-03-15 07:33:01,753] {logging_mixin.py:115} INFO - [2023-03-15 07:33:01,752] {dag.py:2379} INFO - Sync 1 DAGs
[2023-03-15 07:33:01,774] {logging_mixin.py:115} INFO - [2023-03-15 07:33:01,773] {dag.py:2931} INFO - Setting next_dagrun for airflow_projet to None, run_after=None
[2023-03-15 07:33:01,789] {processor.py:161} INFO - Processing /opt/airflow/dags/airflow_molps_projet.py took 4.090 seconds
[2023-03-15 07:33:31,882] {processor.py:153} INFO - Started process (PID=434) to work on /opt/airflow/dags/airflow_molps_projet.py
[2023-03-15 07:33:31,884] {processor.py:641} INFO - Processing file /opt/airflow/dags/airflow_molps_projet.py for tasks to queue
[2023-03-15 07:33:31,885] {logging_mixin.py:115} INFO - [2023-03-15 07:33:31,885] {dagbag.py:507} INFO - Filling up the DagBag from /opt/airflow/dags/airflow_molps_projet.py
[2023-03-15 07:33:36,551] {processor.py:651} INFO - DAG(s) dict_keys(['airflow_projet']) retrieved from /opt/airflow/dags/airflow_molps_projet.py
[2023-03-15 07:33:36,593] {logging_mixin.py:115} INFO - [2023-03-15 07:33:36,593] {dag.py:2379} INFO - Sync 1 DAGs
[2023-03-15 07:33:36,618] {logging_mixin.py:115} INFO - [2023-03-15 07:33:36,618] {dag.py:2931} INFO - Setting next_dagrun for airflow_projet to None, run_after=None
[2023-03-15 07:33:36,636] {processor.py:161} INFO - Processing /opt/airflow/dags/airflow_molps_projet.py took 4.762 seconds
[2023-03-15 07:34:06,753] {processor.py:153} INFO - Started process (PID=465) to work on /opt/airflow/dags/airflow_molps_projet.py
[2023-03-15 07:34:06,753] {processor.py:641} INFO - Processing file /opt/airflow/dags/airflow_molps_projet.py for tasks to queue
[2023-03-15 07:34:06,754] {logging_mixin.py:115} INFO - [2023-03-15 07:34:06,754] {dagbag.py:507} INFO - Filling up the DagBag from /opt/airflow/dags/airflow_molps_projet.py
[2023-03-15 07:34:11,500] {processor.py:651} INFO - DAG(s) dict_keys(['airflow_projet']) retrieved from /opt/airflow/dags/airflow_molps_projet.py
[2023-03-15 07:34:11,522] {logging_mixin.py:115} INFO - [2023-03-15 07:34:11,522] {dag.py:2379} INFO - Sync 1 DAGs
[2023-03-15 07:34:11,553] {logging_mixin.py:115} INFO - [2023-03-15 07:34:11,553] {dag.py:2931} INFO - Setting next_dagrun for airflow_projet to None, run_after=None
[2023-03-15 07:34:11,565] {processor.py:161} INFO - Processing /opt/airflow/dags/airflow_molps_projet.py took 4.815 seconds
[2023-03-15 07:34:41,666] {processor.py:153} INFO - Started process (PID=494) to work on /opt/airflow/dags/airflow_molps_projet.py
[2023-03-15 07:34:41,667] {processor.py:641} INFO - Processing file /opt/airflow/dags/airflow_molps_projet.py for tasks to queue
[2023-03-15 07:34:41,668] {logging_mixin.py:115} INFO - [2023-03-15 07:34:41,667] {dagbag.py:507} INFO - Filling up the DagBag from /opt/airflow/dags/airflow_molps_projet.py
[2023-03-15 07:34:45,809] {processor.py:651} INFO - DAG(s) dict_keys(['airflow_projet']) retrieved from /opt/airflow/dags/airflow_molps_projet.py
[2023-03-15 07:34:45,828] {logging_mixin.py:115} INFO - [2023-03-15 07:34:45,828] {dag.py:2379} INFO - Sync 1 DAGs
[2023-03-15 07:34:45,849] {logging_mixin.py:115} INFO - [2023-03-15 07:34:45,849] {dag.py:2931} INFO - Setting next_dagrun for airflow_projet to None, run_after=None
[2023-03-15 07:34:45,862] {processor.py:161} INFO - Processing /opt/airflow/dags/airflow_molps_projet.py took 4.199 seconds
[2023-03-15 07:35:15,952] {processor.py:153} INFO - Started process (PID=521) to work on /opt/airflow/dags/airflow_molps_projet.py
[2023-03-15 07:35:15,953] {processor.py:641} INFO - Processing file /opt/airflow/dags/airflow_molps_projet.py for tasks to queue
[2023-03-15 07:35:15,953] {logging_mixin.py:115} INFO - [2023-03-15 07:35:15,953] {dagbag.py:507} INFO - Filling up the DagBag from /opt/airflow/dags/airflow_molps_projet.py
[2023-03-15 07:35:20,475] {processor.py:651} INFO - DAG(s) dict_keys(['airflow_projet']) retrieved from /opt/airflow/dags/airflow_molps_projet.py
[2023-03-15 07:35:20,500] {logging_mixin.py:115} INFO - [2023-03-15 07:35:20,499] {dag.py:2379} INFO - Sync 1 DAGs
[2023-03-15 07:35:20,536] {logging_mixin.py:115} INFO - [2023-03-15 07:35:20,536] {dag.py:2931} INFO - Setting next_dagrun for airflow_projet to None, run_after=None
[2023-03-15 07:35:20,548] {processor.py:161} INFO - Processing /opt/airflow/dags/airflow_molps_projet.py took 4.602 seconds
[2023-03-15 07:35:50,683] {processor.py:153} INFO - Started process (PID=543) to work on /opt/airflow/dags/airflow_molps_projet.py
[2023-03-15 07:35:50,684] {processor.py:641} INFO - Processing file /opt/airflow/dags/airflow_molps_projet.py for tasks to queue
[2023-03-15 07:35:50,685] {logging_mixin.py:115} INFO - [2023-03-15 07:35:50,685] {dagbag.py:507} INFO - Filling up the DagBag from /opt/airflow/dags/airflow_molps_projet.py
[2023-03-15 07:35:55,670] {processor.py:651} INFO - DAG(s) dict_keys(['airflow_projet']) retrieved from /opt/airflow/dags/airflow_molps_projet.py
[2023-03-15 07:35:55,702] {logging_mixin.py:115} INFO - [2023-03-15 07:35:55,702] {dag.py:2379} INFO - Sync 1 DAGs
[2023-03-15 07:35:55,729] {logging_mixin.py:115} INFO - [2023-03-15 07:35:55,729] {dag.py:2931} INFO - Setting next_dagrun for airflow_projet to None, run_after=None
[2023-03-15 07:35:55,743] {processor.py:161} INFO - Processing /opt/airflow/dags/airflow_molps_projet.py took 5.064 seconds
[2023-03-15 07:36:25,845] {processor.py:153} INFO - Started process (PID=573) to work on /opt/airflow/dags/airflow_molps_projet.py
[2023-03-15 07:36:25,846] {processor.py:641} INFO - Processing file /opt/airflow/dags/airflow_molps_projet.py for tasks to queue
[2023-03-15 07:36:25,848] {logging_mixin.py:115} INFO - [2023-03-15 07:36:25,847] {dagbag.py:507} INFO - Filling up the DagBag from /opt/airflow/dags/airflow_molps_projet.py
[2023-03-15 07:36:30,532] {processor.py:651} INFO - DAG(s) dict_keys(['airflow_projet']) retrieved from /opt/airflow/dags/airflow_molps_projet.py
[2023-03-15 07:36:30,566] {logging_mixin.py:115} INFO - [2023-03-15 07:36:30,565] {dag.py:2379} INFO - Sync 1 DAGs
[2023-03-15 07:36:30,593] {logging_mixin.py:115} INFO - [2023-03-15 07:36:30,593] {dag.py:2931} INFO - Setting next_dagrun for airflow_projet to None, run_after=None
[2023-03-15 07:36:30,607] {processor.py:161} INFO - Processing /opt/airflow/dags/airflow_molps_projet.py took 4.771 seconds
[2023-03-15 07:37:00,760] {processor.py:153} INFO - Started process (PID=602) to work on /opt/airflow/dags/airflow_molps_projet.py
[2023-03-15 07:37:00,762] {processor.py:641} INFO - Processing file /opt/airflow/dags/airflow_molps_projet.py for tasks to queue
[2023-03-15 07:37:00,764] {logging_mixin.py:115} INFO - [2023-03-15 07:37:00,764] {dagbag.py:507} INFO - Filling up the DagBag from /opt/airflow/dags/airflow_molps_projet.py
[2023-03-15 07:37:05,146] {processor.py:651} INFO - DAG(s) dict_keys(['airflow_projet']) retrieved from /opt/airflow/dags/airflow_molps_projet.py
[2023-03-15 07:37:05,168] {logging_mixin.py:115} INFO - [2023-03-15 07:37:05,167] {dag.py:2379} INFO - Sync 1 DAGs
[2023-03-15 07:37:05,194] {logging_mixin.py:115} INFO - [2023-03-15 07:37:05,194] {dag.py:2931} INFO - Setting next_dagrun for airflow_projet to None, run_after=None
[2023-03-15 07:37:05,206] {processor.py:161} INFO - Processing /opt/airflow/dags/airflow_molps_projet.py took 4.454 seconds
[2023-03-15 07:37:35,317] {processor.py:153} INFO - Started process (PID=631) to work on /opt/airflow/dags/airflow_molps_projet.py
[2023-03-15 07:37:35,318] {processor.py:641} INFO - Processing file /opt/airflow/dags/airflow_molps_projet.py for tasks to queue
[2023-03-15 07:37:35,320] {logging_mixin.py:115} INFO - [2023-03-15 07:37:35,320] {dagbag.py:507} INFO - Filling up the DagBag from /opt/airflow/dags/airflow_molps_projet.py
[2023-03-15 07:37:39,912] {processor.py:651} INFO - DAG(s) dict_keys(['airflow_projet']) retrieved from /opt/airflow/dags/airflow_molps_projet.py
[2023-03-15 07:37:39,931] {logging_mixin.py:115} INFO - [2023-03-15 07:37:39,931] {dag.py:2379} INFO - Sync 1 DAGs
[2023-03-15 07:37:39,951] {logging_mixin.py:115} INFO - [2023-03-15 07:37:39,951] {dag.py:2931} INFO - Setting next_dagrun for airflow_projet to None, run_after=None
[2023-03-15 07:37:39,961] {processor.py:161} INFO - Processing /opt/airflow/dags/airflow_molps_projet.py took 4.652 seconds
[2023-03-15 07:38:10,060] {processor.py:153} INFO - Started process (PID=660) to work on /opt/airflow/dags/airflow_molps_projet.py
[2023-03-15 07:38:10,060] {processor.py:641} INFO - Processing file /opt/airflow/dags/airflow_molps_projet.py for tasks to queue
[2023-03-15 07:38:10,061] {logging_mixin.py:115} INFO - [2023-03-15 07:38:10,061] {dagbag.py:507} INFO - Filling up the DagBag from /opt/airflow/dags/airflow_molps_projet.py
[2023-03-15 07:38:14,809] {processor.py:651} INFO - DAG(s) dict_keys(['airflow_projet']) retrieved from /opt/airflow/dags/airflow_molps_projet.py
[2023-03-15 07:38:14,828] {logging_mixin.py:115} INFO - [2023-03-15 07:38:14,828] {dag.py:2379} INFO - Sync 1 DAGs
[2023-03-15 07:38:14,848] {logging_mixin.py:115} INFO - [2023-03-15 07:38:14,848] {dag.py:2931} INFO - Setting next_dagrun for airflow_projet to None, run_after=None
[2023-03-15 07:38:14,858] {processor.py:161} INFO - Processing /opt/airflow/dags/airflow_molps_projet.py took 4.802 seconds
[2023-03-15 07:38:44,975] {processor.py:153} INFO - Started process (PID=689) to work on /opt/airflow/dags/airflow_molps_projet.py
[2023-03-15 07:38:44,976] {processor.py:641} INFO - Processing file /opt/airflow/dags/airflow_molps_projet.py for tasks to queue
[2023-03-15 07:38:44,977] {logging_mixin.py:115} INFO - [2023-03-15 07:38:44,977] {dagbag.py:507} INFO - Filling up the DagBag from /opt/airflow/dags/airflow_molps_projet.py
[2023-03-15 07:38:49,799] {processor.py:651} INFO - DAG(s) dict_keys(['airflow_projet']) retrieved from /opt/airflow/dags/airflow_molps_projet.py
[2023-03-15 07:38:49,829] {logging_mixin.py:115} INFO - [2023-03-15 07:38:49,828] {dag.py:2379} INFO - Sync 1 DAGs
[2023-03-15 07:38:49,851] {logging_mixin.py:115} INFO - [2023-03-15 07:38:49,851] {dag.py:2931} INFO - Setting next_dagrun for airflow_projet to None, run_after=None
[2023-03-15 07:38:49,862] {processor.py:161} INFO - Processing /opt/airflow/dags/airflow_molps_projet.py took 4.897 seconds
[2023-03-15 07:39:19,975] {processor.py:153} INFO - Started process (PID=718) to work on /opt/airflow/dags/airflow_molps_projet.py
[2023-03-15 07:39:19,976] {processor.py:641} INFO - Processing file /opt/airflow/dags/airflow_molps_projet.py for tasks to queue
[2023-03-15 07:39:19,978] {logging_mixin.py:115} INFO - [2023-03-15 07:39:19,978] {dagbag.py:507} INFO - Filling up the DagBag from /opt/airflow/dags/airflow_molps_projet.py
[2023-03-15 07:39:24,879] {processor.py:651} INFO - DAG(s) dict_keys(['airflow_projet']) retrieved from /opt/airflow/dags/airflow_molps_projet.py
[2023-03-15 07:39:24,902] {logging_mixin.py:115} INFO - [2023-03-15 07:39:24,902] {dag.py:2379} INFO - Sync 1 DAGs
[2023-03-15 07:39:24,925] {logging_mixin.py:115} INFO - [2023-03-15 07:39:24,925] {dag.py:2931} INFO - Setting next_dagrun for airflow_projet to None, run_after=None
[2023-03-15 07:39:24,938] {processor.py:161} INFO - Processing /opt/airflow/dags/airflow_molps_projet.py took 4.972 seconds
[2023-03-15 07:39:55,059] {processor.py:153} INFO - Started process (PID=747) to work on /opt/airflow/dags/airflow_molps_projet.py
[2023-03-15 07:39:55,061] {processor.py:641} INFO - Processing file /opt/airflow/dags/airflow_molps_projet.py for tasks to queue
[2023-03-15 07:39:55,062] {logging_mixin.py:115} INFO - [2023-03-15 07:39:55,062] {dagbag.py:507} INFO - Filling up the DagBag from /opt/airflow/dags/airflow_molps_projet.py
[2023-03-15 07:40:00,153] {processor.py:651} INFO - DAG(s) dict_keys(['airflow_projet']) retrieved from /opt/airflow/dags/airflow_molps_projet.py
[2023-03-15 07:40:00,175] {logging_mixin.py:115} INFO - [2023-03-15 07:40:00,174] {dag.py:2379} INFO - Sync 1 DAGs
[2023-03-15 07:40:00,201] {logging_mixin.py:115} INFO - [2023-03-15 07:40:00,200] {dag.py:2931} INFO - Setting next_dagrun for airflow_projet to None, run_after=None
[2023-03-15 07:40:00,213] {processor.py:161} INFO - Processing /opt/airflow/dags/airflow_molps_projet.py took 5.163 seconds
[2023-03-15 07:40:30,317] {processor.py:153} INFO - Started process (PID=776) to work on /opt/airflow/dags/airflow_molps_projet.py
[2023-03-15 07:40:30,319] {processor.py:641} INFO - Processing file /opt/airflow/dags/airflow_molps_projet.py for tasks to queue
[2023-03-15 07:40:30,321] {logging_mixin.py:115} INFO - [2023-03-15 07:40:30,321] {dagbag.py:507} INFO - Filling up the DagBag from /opt/airflow/dags/airflow_molps_projet.py
[2023-03-15 07:40:35,308] {processor.py:651} INFO - DAG(s) dict_keys(['airflow_projet']) retrieved from /opt/airflow/dags/airflow_molps_projet.py
[2023-03-15 07:40:35,347] {logging_mixin.py:115} INFO - [2023-03-15 07:40:35,347] {dag.py:2379} INFO - Sync 1 DAGs
[2023-03-15 07:40:35,382] {logging_mixin.py:115} INFO - [2023-03-15 07:40:35,382] {dag.py:2931} INFO - Setting next_dagrun for airflow_projet to None, run_after=None
[2023-03-15 07:40:35,397] {processor.py:161} INFO - Processing /opt/airflow/dags/airflow_molps_projet.py took 5.089 seconds
[2023-03-15 07:41:05,524] {processor.py:153} INFO - Started process (PID=805) to work on /opt/airflow/dags/airflow_molps_projet.py
[2023-03-15 07:41:05,526] {processor.py:641} INFO - Processing file /opt/airflow/dags/airflow_molps_projet.py for tasks to queue
[2023-03-15 07:41:05,527] {logging_mixin.py:115} INFO - [2023-03-15 07:41:05,527] {dagbag.py:507} INFO - Filling up the DagBag from /opt/airflow/dags/airflow_molps_projet.py
[2023-03-15 07:41:10,083] {processor.py:651} INFO - DAG(s) dict_keys(['airflow_projet']) retrieved from /opt/airflow/dags/airflow_molps_projet.py
[2023-03-15 07:41:10,107] {logging_mixin.py:115} INFO - [2023-03-15 07:41:10,106] {dag.py:2379} INFO - Sync 1 DAGs
[2023-03-15 07:41:10,128] {logging_mixin.py:115} INFO - [2023-03-15 07:41:10,128] {dag.py:2931} INFO - Setting next_dagrun for airflow_projet to None, run_after=None
[2023-03-15 07:41:10,142] {processor.py:161} INFO - Processing /opt/airflow/dags/airflow_molps_projet.py took 4.627 seconds
[2023-03-15 07:41:40,255] {processor.py:153} INFO - Started process (PID=834) to work on /opt/airflow/dags/airflow_molps_projet.py
[2023-03-15 07:41:40,256] {processor.py:641} INFO - Processing file /opt/airflow/dags/airflow_molps_projet.py for tasks to queue
[2023-03-15 07:41:40,257] {logging_mixin.py:115} INFO - [2023-03-15 07:41:40,257] {dagbag.py:507} INFO - Filling up the DagBag from /opt/airflow/dags/airflow_molps_projet.py
[2023-03-15 07:41:44,856] {processor.py:651} INFO - DAG(s) dict_keys(['airflow_projet']) retrieved from /opt/airflow/dags/airflow_molps_projet.py
[2023-03-15 07:41:44,878] {logging_mixin.py:115} INFO - [2023-03-15 07:41:44,878] {dag.py:2379} INFO - Sync 1 DAGs
[2023-03-15 07:41:44,904] {logging_mixin.py:115} INFO - [2023-03-15 07:41:44,904] {dag.py:2931} INFO - Setting next_dagrun for airflow_projet to None, run_after=None
[2023-03-15 07:41:44,917] {processor.py:161} INFO - Processing /opt/airflow/dags/airflow_molps_projet.py took 4.667 seconds
[2023-03-15 07:42:15,007] {processor.py:153} INFO - Started process (PID=861) to work on /opt/airflow/dags/airflow_molps_projet.py
[2023-03-15 07:42:15,008] {processor.py:641} INFO - Processing file /opt/airflow/dags/airflow_molps_projet.py for tasks to queue
[2023-03-15 07:42:15,008] {logging_mixin.py:115} INFO - [2023-03-15 07:42:15,008] {dagbag.py:507} INFO - Filling up the DagBag from /opt/airflow/dags/airflow_molps_projet.py
[2023-03-15 07:42:19,359] {processor.py:651} INFO - DAG(s) dict_keys(['airflow_projet']) retrieved from /opt/airflow/dags/airflow_molps_projet.py
[2023-03-15 07:42:19,378] {logging_mixin.py:115} INFO - [2023-03-15 07:42:19,377] {dag.py:2379} INFO - Sync 1 DAGs
[2023-03-15 07:42:19,398] {logging_mixin.py:115} INFO - [2023-03-15 07:42:19,398] {dag.py:2931} INFO - Setting next_dagrun for airflow_projet to None, run_after=None
[2023-03-15 07:42:19,409] {processor.py:161} INFO - Processing /opt/airflow/dags/airflow_molps_projet.py took 4.406 seconds
[2023-03-15 07:42:49,505] {processor.py:153} INFO - Started process (PID=883) to work on /opt/airflow/dags/airflow_molps_projet.py
[2023-03-15 07:42:49,506] {processor.py:641} INFO - Processing file /opt/airflow/dags/airflow_molps_projet.py for tasks to queue
[2023-03-15 07:42:49,507] {logging_mixin.py:115} INFO - [2023-03-15 07:42:49,507] {dagbag.py:507} INFO - Filling up the DagBag from /opt/airflow/dags/airflow_molps_projet.py
[2023-03-15 07:42:53,650] {processor.py:651} INFO - DAG(s) dict_keys(['airflow_projet']) retrieved from /opt/airflow/dags/airflow_molps_projet.py
[2023-03-15 07:42:53,669] {logging_mixin.py:115} INFO - [2023-03-15 07:42:53,668] {dag.py:2379} INFO - Sync 1 DAGs
[2023-03-15 07:42:53,689] {logging_mixin.py:115} INFO - [2023-03-15 07:42:53,689] {dag.py:2931} INFO - Setting next_dagrun for airflow_projet to None, run_after=None
[2023-03-15 07:42:53,700] {processor.py:161} INFO - Processing /opt/airflow/dags/airflow_molps_projet.py took 4.203 seconds
